# JRE version: Java(TM) SE Runtime Environment (8.0_291-b10) (build 1.8.0_291-b10)
# Java VM: Java HotSpot(TM) 64-Bit Server VM (25.291-b10 mixed mode windows-amd64 compressed oops)
Heap:
 PSYoungGen      total 253440K, used 183731K [0x000000076bf80000, 0x0000000780680000, 0x00000007c0000000)
  eden space 247808K, 71% used [0x000000076bf80000,0x0000000776d94d50,0x000000077b180000)
  from space 5632K, 97% used [0x000000077e780000,0x000000077ecd8050,0x000000077ed00000)
  to   space 18432K, 0% used [0x000000077f480000,0x000000077f480000,0x0000000780680000)
 ParOldGen       total 134656K, used 30264K [0x00000006c3e00000, 0x00000006cc180000, 0x000000076bf80000)
  object space 134656K, 22% used [0x00000006c3e00000,0x00000006c5b8e028,0x00000006cc180000)
 Metaspace       used 51723K, capacity 54848K, committed 54912K, reserved 1097728K
  class space    used 7017K, capacity 7543K, committed 7552K, reserved 1048576K
GC Heap History (10 events):
Event: 308.904 GC heap before
{Heap before GC invocations=11 (full 2):
 PSYoungGen      total 227328K, used 227325K [0x000000076bf80000, 0x0000000782400000, 0x00000007c0000000)
  eden space 216576K, 100% used [0x000000076bf80000,0x0000000779300000,0x0000000779300000)
  from space 10752K, 99% used [0x000000077a300000,0x000000077ad7f730,0x000000077ad80000)
  to   space 16384K, 0% used [0x0000000779300000,0x0000000779300000,0x000000077a300000)
 ParOldGen       total 134656K, used 23236K [0x00000006c3e00000, 0x00000006cc180000, 0x000000076bf80000)
  object space 134656K, 17% used [0x00000006c3e00000,0x00000006c54b1270,0x00000006cc180000)
 Metaspace       used 51676K, capacity 54718K, committed 54912K, reserved 1097728K
  class space    used 7014K, capacity 7541K, committed 7552K, reserved 1048576K
Event: 308.914 GC heap after
Heap after GC invocations=11 (full 2):
 PSYoungGen      total 232960K, used 16370K [0x000000076bf80000, 0x000000077f100000, 0x00000007c0000000)
  eden space 216576K, 0% used [0x000000076bf80000,0x000000076bf80000,0x0000000779300000)
  from space 16384K, 99% used [0x0000000779300000,0x000000077a2fc8d0,0x000000077a300000)
  to   space 18944K, 0% used [0x000000077de80000,0x000000077de80000,0x000000077f100000)
 ParOldGen       total 134656K, used 23640K [0x00000006c3e00000, 0x00000006cc180000, 0x000000076bf80000)
  object space 134656K, 17% used [0x00000006c3e00000,0x00000006c5516310,0x00000006cc180000)
 Metaspace       used 51676K, capacity 54718K, committed 54912K, reserved 1097728K
  class space    used 7014K, capacity 7541K, committed 7552K, reserved 1048576K
}
Event: 3566.814 GC heap before
{Heap before GC invocations=12 (full 2):
 PSYoungGen      total 232960K, used 232946K [0x000000076bf80000, 0x000000077f100000, 0x00000007c0000000)
  eden space 216576K, 100% used [0x000000076bf80000,0x0000000779300000,0x0000000779300000)
  from space 16384K, 99% used [0x0000000779300000,0x000000077a2fc8d0,0x000000077a300000)
  to   space 18944K, 0% used [0x000000077de80000,0x000000077de80000,0x000000077f100000)
 ParOldGen       total 134656K, used 23640K [0x00000006c3e00000, 0x00000006cc180000, 0x000000076bf80000)
  object space 134656K, 17% used [0x00000006c3e00000,0x00000006c5516310,0x00000006cc180000)
 Metaspace       used 51709K, capacity 54784K, committed 54912K, reserved 1097728K
  class space    used 7016K, capacity 7543K, committed 7552K, reserved 1048576K
Event: 3566.822 GC heap after
Heap after GC invocations=12 (full 2):
 PSYoungGen      total 275456K, used 5344K [0x000000076bf80000, 0x000000077e800000, 0x00000007c0000000)
  eden space 265728K, 0% used [0x000000076bf80000,0x000000076bf80000,0x000000077c300000)
  from space 9728K, 54% used [0x000000077de80000,0x000000077e3b8050,0x000000077e800000)
  to   space 18944K, 0% used [0x000000077c300000,0x000000077c300000,0x000000077d580000)
 ParOldGen       total 134656K, used 30240K [0x00000006c3e00000, 0x00000006cc180000, 0x000000076bf80000)
  object space 134656K, 22% used [0x00000006c3e00000,0x00000006c5b88028,0x00000006cc180000)
 Metaspace       used 51709K, capacity 54784K, committed 54912K, reserved 1097728K
  class space    used 7016K, capacity 7543K, committed 7552K, reserved 1048576K
}
Event: 7515.639 GC heap before
{Heap before GC invocations=13 (full 2):
 PSYoungGen      total 275456K, used 271072K [0x000000076bf80000, 0x000000077e800000, 0x00000007c0000000)
  eden space 265728K, 100% used [0x000000076bf80000,0x000000077c300000,0x000000077c300000)
  from space 9728K, 54% used [0x000000077de80000,0x000000077e3b8050,0x000000077e800000)
  to   space 18944K, 0% used [0x000000077c300000,0x000000077c300000,0x000000077d580000)
 ParOldGen       total 134656K, used 30240K [0x00000006c3e00000, 0x00000006cc180000, 0x000000076bf80000)
  object space 134656K, 22% used [0x00000006c3e00000,0x00000006c5b88028,0x00000006cc180000)
 Metaspace       used 51709K, capacity 54784K, committed 54912K, reserved 1097728K
  class space    used 7016K, capacity 7543K, committed 7552K, reserved 1048576K
Event: 7515.662 GC heap after
Heap after GC invocations=13 (full 2):
 PSYoungGen      total 284672K, used 5616K [0x000000076bf80000, 0x0000000781800000, 0x00000007c0000000)
  eden space 265728K, 0% used [0x000000076bf80000,0x000000076bf80000,0x000000077c300000)
  from space 18944K, 29% used [0x000000077c300000,0x000000077c87c060,0x000000077d580000)
  to   space 18432K, 0% used [0x0000000780600000,0x0000000780600000,0x0000000781800000)
 ParOldGen       total 134656K, used 30248K [0x00000006c3e00000, 0x00000006cc180000, 0x000000076bf80000)
  object space 134656K, 22% used [0x00000006c3e00000,0x00000006c5b8a028,0x00000006cc180000)
 Metaspace       used 51709K, capacity 54784K, committed 54912K, reserved 1097728K
  class space    used 7016K, capacity 7543K, committed 7552K, reserved 1048576K
}
Event: 11904.849 GC heap before
{Heap before GC invocations=14 (full 2):
 PSYoungGen      total 284672K, used 271344K [0x000000076bf80000, 0x0000000781800000, 0x00000007c0000000)
  eden space 265728K, 100% used [0x000000076bf80000,0x000000077c300000,0x000000077c300000)
  from space 18944K, 29% used [0x000000077c300000,0x000000077c87c060,0x000000077d580000)
  to   space 18432K, 0% used [0x0000000780600000,0x0000000780600000,0x0000000781800000)
 ParOldGen       total 134656K, used 30248K [0x00000006c3e00000, 0x00000006cc180000, 0x000000076bf80000)
  object space 134656K, 22% used [0x00000006c3e00000,0x00000006c5b8a028,0x00000006cc180000)
 Metaspace       used 51709K, capacity 54784K, committed 54912K, reserved 1097728K
  class space    used 7016K, capacity 7543K, committed 7552K, reserved 1048576K
Event: 11904.855 GC heap after
Heap after GC invocations=14 (full 2):
 PSYoungGen      total 262144K, used 5552K [0x000000076bf80000, 0x0000000780b80000, 0x00000007c0000000)
  eden space 256512K, 0% used [0x000000076bf80000,0x000000076bf80000,0x000000077ba00000)
  from space 5632K, 98% used [0x0000000780600000,0x0000000780b6c060,0x0000000780b80000)
  to   space 18432K, 0% used [0x000000077e780000,0x000000077e780000,0x000000077f980000)
 ParOldGen       total 134656K, used 30256K [0x00000006c3e00000, 0x00000006cc180000, 0x000000076bf80000)
  object space 134656K, 22% used [0x00000006c3e00000,0x00000006c5b8c028,0x00000006cc180000)
 Metaspace       used 51709K, capacity 54784K, committed 54912K, reserved 1097728K
  class space    used 7016K, capacity 7543K, committed 7552K, reserved 1048576K
}
Event: 16269.158 GC heap before
{Heap before GC invocations=15 (full 2):
 PSYoungGen      total 262144K, used 262064K [0x000000076bf80000, 0x0000000780b80000, 0x00000007c0000000)
  eden space 256512K, 100% used [0x000000076bf80000,0x000000077ba00000,0x000000077ba00000)
  from space 5632K, 98% used [0x0000000780600000,0x0000000780b6c060,0x0000000780b80000)
  to   space 18432K, 0% used [0x000000077e780000,0x000000077e780000,0x000000077f980000)
 ParOldGen       total 134656K, used 30256K [0x00000006c3e00000, 0x00000006cc180000, 0x000000076bf80000)
  object space 134656K, 22% used [0x00000006c3e00000,0x00000006c5b8c028,0x00000006cc180000)
 Metaspace       used 51717K, capacity 54784K, committed 54912K, reserved 1097728K
  class space    used 7016K, capacity 7543K, committed 7552K, reserved 1048576K
Event: 16269.188 GC heap after
Heap after GC invocations=15 (full 2):
 PSYoungGen      total 253440K, used 5472K [0x000000076bf80000, 0x0000000780680000, 0x00000007c0000000)
  eden space 247808K, 0% used [0x000000076bf80000,0x000000076bf80000,0x000000077b180000)
  from space 5632K, 97% used [0x000000077e780000,0x000000077ecd8050,0x000000077ed00000)
  to   space 18432K, 0% used [0x000000077f480000,0x000000077f480000,0x0000000780680000)
 ParOldGen       total 134656K, used 30264K [0x00000006c3e00000, 0x00000006cc180000, 0x000000076bf80000)
  object space 134656K, 22% used [0x00000006c3e00000,0x00000006c5b8e028,0x00000006cc180000)
 Metaspace       used 51717K, capacity 54784K, committed 54912K, reserved 1097728K
  class space    used 7016K, capacity 7543K, committed 7552K, reserved 1048576K
}

